<?xml version="1.0" encoding="UTF-8"?>
<!-- Generated by org.testng.reporters.JUnitXMLReporter -->
<testsuite ignored="2" hostname="MLBTAL-110657" failures="0" tests="5" name="JalaAcademyTest" time="39.367" errors="0" timestamp="2025-01-20T10:20:06 IST">
  <testcase classname="SelFrameworkDesign.Methods.BaseTest" name="@AfterMethod closeBrowser" time="2.254">
    <failure type="org.openqa.selenium.StaleElementReferenceException" message="stale element reference: stale element not found
  (Session info: chrome=132.0.6834.84)
For documentation on this error, please visit: https://www.selenium.dev/documentation/webdriver/troubleshooting/errors#stale-element-reference-exception
Build info: version: &amp;apos;4.25.0&amp;apos;, revision: &amp;apos;8a8aea2337&amp;apos;
System info: os.name: &amp;apos;Windows 11&amp;apos;, os.arch: &amp;apos;amd64&amp;apos;, os.version: &amp;apos;10.0&amp;apos;, java.version: &amp;apos;21.0.4&amp;apos;
Driver info: org.openqa.selenium.chrome.ChromeDriver
Command: [e999d6b0f00830ca9de92eef9f981619, clickElement {id=f.970F7CE84ED7FF389994567A23D1F4D0.d.321887270094CA46D1B841435254F421.e.72}]
Capabilities {acceptInsecureCerts: false, browserName: chrome, browserVersion: 132.0.6834.84, chrome: {chromedriverVersion: 132.0.6834.83 (03d59cf5ecf1..., userDataDir: C:\Users\VISHWA~1.BID\AppDa...}, fedcm:accounts: true, goog:chromeOptions: {debuggerAddress: localhost:53403}, networkConnectionEnabled: false, pageLoadStrategy: normal, platformName: windows, proxy: Proxy(), se:cdp: ws://localhost:53403/devtoo..., se:cdpVersion: 132.0.6834.84, setWindowRect: true, strictFileInteractability: false, timeouts: {implicit: 0, pageLoad: 300000, script: 30000}, unhandledPromptBehavior: dismiss and notify, webauthn:extension:credBlob: true, webauthn:extension:largeBlob: true, webauthn:extension:minPinLength: true, webauthn:extension:prf: true, webauthn:virtualAuthenticators: true}
Element: [[ChromeDriver: chrome on windows (e999d6b0f00830ca9de92eef9f981619)] -&amp;gt; xpath: //a[@href=&amp;apos;/Account/SignOut&amp;apos;]]
Session ID: e999d6b0f00830ca9de92eef9f981619">
      <![CDATA[org.openqa.selenium.StaleElementReferenceException: stale element reference: stale element not found
  (Session info: chrome=132.0.6834.84)
For documentation on this error, please visit: https://www.selenium.dev/documentation/webdriver/troubleshooting/errors#stale-element-reference-exception
Build info: version: '4.25.0', revision: '8a8aea2337'
System info: os.name: 'Windows 11', os.arch: 'amd64', os.version: '10.0', java.version: '21.0.4'
Driver info: org.openqa.selenium.chrome.ChromeDriver
Command: [e999d6b0f00830ca9de92eef9f981619, clickElement {id=f.970F7CE84ED7FF389994567A23D1F4D0.d.321887270094CA46D1B841435254F421.e.72}]
Capabilities {acceptInsecureCerts: false, browserName: chrome, browserVersion: 132.0.6834.84, chrome: {chromedriverVersion: 132.0.6834.83 (03d59cf5ecf1..., userDataDir: C:\Users\VISHWA~1.BID\AppDa...}, fedcm:accounts: true, goog:chromeOptions: {debuggerAddress: localhost:53403}, networkConnectionEnabled: false, pageLoadStrategy: normal, platformName: windows, proxy: Proxy(), se:cdp: ws://localhost:53403/devtoo..., se:cdpVersion: 132.0.6834.84, setWindowRect: true, strictFileInteractability: false, timeouts: {implicit: 0, pageLoad: 300000, script: 30000}, unhandledPromptBehavior: dismiss and notify, webauthn:extension:credBlob: true, webauthn:extension:largeBlob: true, webauthn:extension:minPinLength: true, webauthn:extension:prf: true, webauthn:virtualAuthenticators: true}
Element: [[ChromeDriver: chrome on windows (e999d6b0f00830ca9de92eef9f981619)] -> xpath: //a[@href='/Account/SignOut']]
Session ID: e999d6b0f00830ca9de92eef9f981619
at org.openqa.selenium.remote.ErrorCodec.decode(ErrorCodec.java:167)
at org.openqa.selenium.remote.codec.w3c.W3CHttpResponseCodec.decode(W3CHttpResponseCodec.java:138)
at org.openqa.selenium.remote.codec.w3c.W3CHttpResponseCodec.decode(W3CHttpResponseCodec.java:50)
at org.openqa.selenium.remote.HttpCommandExecutor.execute(HttpCommandExecutor.java:190)
at org.openqa.selenium.remote.service.DriverCommandExecutor.invokeExecute(DriverCommandExecutor.java:216)
at org.openqa.selenium.remote.service.DriverCommandExecutor.execute(DriverCommandExecutor.java:174)
at org.openqa.selenium.remote.RemoteWebDriver.execute(RemoteWebDriver.java:545)
at org.openqa.selenium.remote.RemoteWebElement.execute(RemoteWebElement.java:223)
at org.openqa.selenium.remote.RemoteWebElement.click(RemoteWebElement.java:76)
at SelFrameworkDesign.Methods.BaseTest.closeBrowser(BaseTest.java:154)
at java.base/java.util.ArrayList.forEach(ArrayList.java:1596)
... Removed 33 stack frames]]>
    </failure>
  </testcase> <!-- @AfterMethod closeBrowser -->
  <testcase classname="SelFrameworkDesign.Methods.BaseTest" name="@AfterMethod closeEntireBrowser" time="-1.737348589718E9">
    <skipped/>
  </testcase> <!-- @AfterMethod closeEntireBrowser -->
  <testcase classname="SelFrameworkDesign.Methods.BaseTest" name="@BeforeMethod WebDriverSetup" time="-1.737348589726E9">
    <skipped/>
  </testcase> <!-- @BeforeMethod WebDriverSetup -->
  <testcase classname="SelFrameworkDesign.Methods.BaseTest" name="@AfterMethod closeBrowser" time="-1.737348589918E9">
    <skipped/>
  </testcase> <!-- @AfterMethod closeBrowser -->
  <testcase classname="SelFrameworkDesign.Methods.BaseTest" name="@AfterMethod closeEntireBrowser" time="-1.737348589923E9">
    <skipped/>
  </testcase> <!-- @AfterMethod closeEntireBrowser -->
  <testcase classname="SelFrameworkDesign.Tests.loginPageT" name="loginTest" time="1.715"/>
  <testcase classname="SelFrameworkDesign.Tests.createEmployeeT" name="createEmployee" time="3.535"/>
  <testcase classname="SelFrameworkDesign.Tests.createEmployeeT" name="createEmployee" time="0.0">
    <skipped/>
  </testcase> <!-- createEmployee -->
  <testcase classname="SelFrameworkDesign.Tests.MenuPageTest" name="SinleMenuTest" time="2.139"/>
  <testcase classname="SelFrameworkDesign.Tests.MenuPageTest" name="subMenuTest" time="2.683"/>
  <testcase classname="SelFrameworkDesign.Methods.BaseTest" name="@BeforeTest extenteReports" time="0.0">
    <ignored/>
  </testcase> <!-- @BeforeTest extenteReports -->
  <testcase classname="SelFrameworkDesign.Methods.BaseTest" name="@BeforeTest extenteReports" time="0.0">
    <ignored/>
  </testcase> <!-- @BeforeTest extenteReports -->
</testsuite> <!-- JalaAcademyTest -->
