<?xml version="1.0" encoding="UTF-8"?>
<!-- Generated by org.testng.reporters.JUnitXMLReporter -->
<testsuite ignored="5" hostname="MLBTAL-110657" failures="0" tests="12" name="Test" time="62.029" errors="0" timestamp="2025-01-18T12:23:16 IST">
  <testcase classname="SelFrameworkDesign.Methods.BaseTest" name="@BeforeMethod crossBrowserSetUp" time="-1.737183154838E9">
    <failure type="org.testng.TestNGException" message="
Parameter &amp;apos;browser&amp;apos; is required by BeforeMethod on method crossBrowserSetUp but has not been marked @Optional or defined
in C:\Users\Vishwanath.Bidarolli\neww\eclipse-workspace\SelFrameworkDesign\testng1.xml">
      <![CDATA[org.testng.TestNGException: 
Parameter 'browser' is required by BeforeMethod on method crossBrowserSetUp but has not been marked @Optional or defined
in C:\Users\Vishwanath.Bidarolli\neww\eclipse-workspace\SelFrameworkDesign\testng1.xml
at java.base/java.util.ArrayList.forEach(ArrayList.java:1596)
... Removed 28 stack frames]]>
    </failure>
  </testcase> <!-- @BeforeMethod crossBrowserSetUp -->
  <testcase classname="SelFrameworkDesign.Methods.BaseTest" name="@AfterMethod closeBrowser" time="-1.737183154936E9">
    <skipped/>
  </testcase> <!-- @AfterMethod closeBrowser -->
  <testcase classname="SelFrameworkDesign.Methods.BaseTest" name="@AfterMethod closeEntireBrowser" time="-1.73718315494E9">
    <skipped/>
  </testcase> <!-- @AfterMethod closeEntireBrowser -->
  <testcase classname="SelFrameworkDesign.Methods.BaseTest" name="@BeforeMethod crossBrowserSetUp" time="-1.737183161685E9">
    <failure type="org.testng.TestNGException" message="
Parameter &amp;apos;browser&amp;apos; is required by BeforeMethod on method crossBrowserSetUp but has not been marked @Optional or defined
in C:\Users\Vishwanath.Bidarolli\neww\eclipse-workspace\SelFrameworkDesign\testng1.xml">
      <![CDATA[org.testng.TestNGException: 
Parameter 'browser' is required by BeforeMethod on method crossBrowserSetUp but has not been marked @Optional or defined
in C:\Users\Vishwanath.Bidarolli\neww\eclipse-workspace\SelFrameworkDesign\testng1.xml
at java.base/java.util.ArrayList.forEach(ArrayList.java:1596)
... Removed 28 stack frames]]>
    </failure>
  </testcase> <!-- @BeforeMethod crossBrowserSetUp -->
  <testcase classname="SelFrameworkDesign.Methods.BaseTest" name="@AfterMethod closeBrowser" time="-1.737183161706E9">
    <skipped/>
  </testcase> <!-- @AfterMethod closeBrowser -->
  <testcase classname="SelFrameworkDesign.Methods.BaseTest" name="@AfterMethod closeEntireBrowser" time="-1.737183161711E9">
    <skipped/>
  </testcase> <!-- @AfterMethod closeEntireBrowser -->
  <testcase classname="SelFrameworkDesign.Methods.BaseTest" name="@BeforeMethod WebDriverSetup" time="-1.737183161714E9">
    <skipped/>
  </testcase> <!-- @BeforeMethod WebDriverSetup -->
  <testcase classname="SelFrameworkDesign.Methods.BaseTest" name="@BeforeMethod crossBrowserSetUp" time="-1.737183161723E9">
    <skipped/>
  </testcase> <!-- @BeforeMethod crossBrowserSetUp -->
  <testcase classname="SelFrameworkDesign.Methods.BaseTest" name="@AfterMethod closeBrowser" time="-1.737183161736E9">
    <skipped/>
  </testcase> <!-- @AfterMethod closeBrowser -->
  <testcase classname="SelFrameworkDesign.Methods.BaseTest" name="@AfterMethod closeEntireBrowser" time="-1.737183161738E9">
    <skipped/>
  </testcase> <!-- @AfterMethod closeEntireBrowser -->
  <testcase classname="SelFrameworkDesign.Methods.BaseTest" name="@BeforeMethod crossBrowserSetUp" time="-1.737183171333E9">
    <failure type="org.testng.TestNGException" message="
Parameter &amp;apos;browser&amp;apos; is required by BeforeMethod on method crossBrowserSetUp but has not been marked @Optional or defined
in C:\Users\Vishwanath.Bidarolli\neww\eclipse-workspace\SelFrameworkDesign\testng1.xml">
      <![CDATA[org.testng.TestNGException: 
Parameter 'browser' is required by BeforeMethod on method crossBrowserSetUp but has not been marked @Optional or defined
in C:\Users\Vishwanath.Bidarolli\neww\eclipse-workspace\SelFrameworkDesign\testng1.xml
at java.base/java.util.ArrayList.forEach(ArrayList.java:1596)
... Removed 28 stack frames]]>
    </failure>
  </testcase> <!-- @BeforeMethod crossBrowserSetUp -->
  <testcase classname="SelFrameworkDesign.Methods.BaseTest" name="@AfterMethod closeBrowser" time="-1.737183171374E9">
    <skipped/>
  </testcase> <!-- @AfterMethod closeBrowser -->
  <testcase classname="SelFrameworkDesign.Methods.BaseTest" name="@AfterMethod closeEntireBrowser" time="-1.737183171377E9">
    <skipped/>
  </testcase> <!-- @AfterMethod closeEntireBrowser -->
  <testcase classname="SelFrameworkDesign.Methods.BaseTest" name="@BeforeMethod WebDriverSetup" time="-1.737183171382E9">
    <skipped/>
  </testcase> <!-- @BeforeMethod WebDriverSetup -->
  <testcase classname="SelFrameworkDesign.Methods.BaseTest" name="@BeforeMethod crossBrowserSetUp" time="-1.737183171391E9">
    <skipped/>
  </testcase> <!-- @BeforeMethod crossBrowserSetUp -->
  <testcase classname="SelFrameworkDesign.Methods.BaseTest" name="@AfterMethod closeBrowser" time="-1.73718317141E9">
    <skipped/>
  </testcase> <!-- @AfterMethod closeBrowser -->
  <testcase classname="SelFrameworkDesign.Methods.BaseTest" name="@AfterMethod closeEntireBrowser" time="-1.737183171414E9">
    <skipped/>
  </testcase> <!-- @AfterMethod closeEntireBrowser -->
  <testcase classname="SelFrameworkDesign.Methods.BaseTest" name="@BeforeMethod crossBrowserSetUp" time="-1.737183180748E9">
    <failure type="org.testng.TestNGException" message="
Parameter &amp;apos;browser&amp;apos; is required by BeforeMethod on method crossBrowserSetUp but has not been marked @Optional or defined
in C:\Users\Vishwanath.Bidarolli\neww\eclipse-workspace\SelFrameworkDesign\testng1.xml">
      <![CDATA[org.testng.TestNGException: 
Parameter 'browser' is required by BeforeMethod on method crossBrowserSetUp but has not been marked @Optional or defined
in C:\Users\Vishwanath.Bidarolli\neww\eclipse-workspace\SelFrameworkDesign\testng1.xml
at java.base/java.util.ArrayList.forEach(ArrayList.java:1596)
... Removed 28 stack frames]]>
    </failure>
  </testcase> <!-- @BeforeMethod crossBrowserSetUp -->
  <testcase classname="SelFrameworkDesign.Methods.BaseTest" name="@AfterMethod closeBrowser" time="-1.737183180762E9">
    <skipped/>
  </testcase> <!-- @AfterMethod closeBrowser -->
  <testcase classname="SelFrameworkDesign.Methods.BaseTest" name="@AfterMethod closeEntireBrowser" time="-1.737183180768E9">
    <skipped/>
  </testcase> <!-- @AfterMethod closeEntireBrowser -->
  <testcase classname="SelFrameworkDesign.Methods.BaseTest" name="@BeforeMethod WebDriverSetup" time="-1.73718318077E9">
    <skipped/>
  </testcase> <!-- @BeforeMethod WebDriverSetup -->
  <testcase classname="SelFrameworkDesign.Methods.BaseTest" name="@BeforeMethod crossBrowserSetUp" time="-1.737183180773E9">
    <skipped/>
  </testcase> <!-- @BeforeMethod crossBrowserSetUp -->
  <testcase classname="SelFrameworkDesign.Methods.BaseTest" name="@AfterMethod closeBrowser" time="-1.737183180802E9">
    <skipped/>
  </testcase> <!-- @AfterMethod closeBrowser -->
  <testcase classname="SelFrameworkDesign.Methods.BaseTest" name="@AfterMethod closeEntireBrowser" time="-1.737183180809E9">
    <skipped/>
  </testcase> <!-- @AfterMethod closeEntireBrowser -->
  <testcase classname="SelFrameworkDesign.Methods.BaseTest" name="@BeforeMethod crossBrowserSetUp" time="-1.737183187905E9">
    <failure type="org.testng.TestNGException" message="
Parameter &amp;apos;browser&amp;apos; is required by BeforeMethod on method crossBrowserSetUp but has not been marked @Optional or defined
in C:\Users\Vishwanath.Bidarolli\neww\eclipse-workspace\SelFrameworkDesign\testng1.xml">
      <![CDATA[org.testng.TestNGException: 
Parameter 'browser' is required by BeforeMethod on method crossBrowserSetUp but has not been marked @Optional or defined
in C:\Users\Vishwanath.Bidarolli\neww\eclipse-workspace\SelFrameworkDesign\testng1.xml
at java.base/java.util.ArrayList.forEach(ArrayList.java:1596)
... Removed 28 stack frames]]>
    </failure>
  </testcase> <!-- @BeforeMethod crossBrowserSetUp -->
  <testcase classname="SelFrameworkDesign.Methods.BaseTest" name="@AfterMethod closeBrowser" time="-1.737183187926E9">
    <skipped/>
  </testcase> <!-- @AfterMethod closeBrowser -->
  <testcase classname="SelFrameworkDesign.Methods.BaseTest" name="@AfterMethod closeEntireBrowser" time="-1.737183187928E9">
    <skipped/>
  </testcase> <!-- @AfterMethod closeEntireBrowser -->
  <testcase classname="SelFrameworkDesign.Methods.BaseTest" name="@BeforeMethod WebDriverSetup" time="8.012">
    <failure type="org.openqa.selenium.NoSuchWindowException" message="no such window: target window already closed
from unknown error: web view not found
  (Session info: chrome=131.0.6778.265)
Build info: version: &amp;apos;4.25.0&amp;apos;, revision: &amp;apos;8a8aea2337&amp;apos;
System info: os.name: &amp;apos;Windows 11&amp;apos;, os.arch: &amp;apos;amd64&amp;apos;, os.version: &amp;apos;10.0&amp;apos;, java.version: &amp;apos;21.0.4&amp;apos;
Driver info: org.openqa.selenium.chrome.ChromeDriver
Command: [3c3947955ed5bdf035c5ff140107a8f7, findElement {value=UserName, using=id}]
Capabilities {acceptInsecureCerts: false, browserName: chrome, browserVersion: 131.0.6778.265, chrome: {chromedriverVersion: 131.0.6778.264 (2d05e315153..., userDataDir: C:\Users\VISHWA~1.BID\AppDa...}, fedcm:accounts: true, goog:chromeOptions: {debuggerAddress: localhost:54121}, networkConnectionEnabled: false, pageLoadStrategy: normal, platformName: windows, proxy: Proxy(), se:cdp: ws://localhost:54121/devtoo..., se:cdpVersion: 131.0.6778.265, setWindowRect: true, strictFileInteractability: false, timeouts: {implicit: 0, pageLoad: 300000, script: 30000}, unhandledPromptBehavior: dismiss and notify, webauthn:extension:credBlob: true, webauthn:extension:largeBlob: true, webauthn:extension:minPinLength: true, webauthn:extension:prf: true, webauthn:virtualAuthenticators: true}
Session ID: 3c3947955ed5bdf035c5ff140107a8f7">
      <![CDATA[org.openqa.selenium.NoSuchWindowException: no such window: target window already closed
from unknown error: web view not found
  (Session info: chrome=131.0.6778.265)
Build info: version: '4.25.0', revision: '8a8aea2337'
System info: os.name: 'Windows 11', os.arch: 'amd64', os.version: '10.0', java.version: '21.0.4'
Driver info: org.openqa.selenium.chrome.ChromeDriver
Command: [3c3947955ed5bdf035c5ff140107a8f7, findElement {value=UserName, using=id}]
Capabilities {acceptInsecureCerts: false, browserName: chrome, browserVersion: 131.0.6778.265, chrome: {chromedriverVersion: 131.0.6778.264 (2d05e315153..., userDataDir: C:\Users\VISHWA~1.BID\AppDa...}, fedcm:accounts: true, goog:chromeOptions: {debuggerAddress: localhost:54121}, networkConnectionEnabled: false, pageLoadStrategy: normal, platformName: windows, proxy: Proxy(), se:cdp: ws://localhost:54121/devtoo..., se:cdpVersion: 131.0.6778.265, setWindowRect: true, strictFileInteractability: false, timeouts: {implicit: 0, pageLoad: 300000, script: 30000}, unhandledPromptBehavior: dismiss and notify, webauthn:extension:credBlob: true, webauthn:extension:largeBlob: true, webauthn:extension:minPinLength: true, webauthn:extension:prf: true, webauthn:virtualAuthenticators: true}
Session ID: 3c3947955ed5bdf035c5ff140107a8f7
at org.openqa.selenium.remote.ErrorCodec.decode(ErrorCodec.java:167)
at org.openqa.selenium.remote.codec.w3c.W3CHttpResponseCodec.decode(W3CHttpResponseCodec.java:138)
at org.openqa.selenium.remote.codec.w3c.W3CHttpResponseCodec.decode(W3CHttpResponseCodec.java:50)
at org.openqa.selenium.remote.HttpCommandExecutor.execute(HttpCommandExecutor.java:190)
at org.openqa.selenium.remote.service.DriverCommandExecutor.invokeExecute(DriverCommandExecutor.java:216)
at org.openqa.selenium.remote.service.DriverCommandExecutor.execute(DriverCommandExecutor.java:174)
at org.openqa.selenium.remote.RemoteWebDriver.execute(RemoteWebDriver.java:545)
at org.openqa.selenium.remote.ElementLocation$ElementFinder$2.findElement(ElementLocation.java:165)
at org.openqa.selenium.remote.ElementLocation.findElement(ElementLocation.java:66)
at org.openqa.selenium.remote.RemoteWebDriver.findElement(RemoteWebDriver.java:368)
at org.openqa.selenium.remote.RemoteWebDriver.findElement(RemoteWebDriver.java:362)
at SelFrameworkDesign.Methods.BaseTest.WebDriverSetup(BaseTest.java:99)
at java.base/java.util.ArrayList.forEach(ArrayList.java:1596)
... Removed 32 stack frames]]>
    </failure>
  </testcase> <!-- @BeforeMethod WebDriverSetup -->
  <testcase classname="SelFrameworkDesign.Methods.BaseTest" name="@BeforeMethod crossBrowserSetUp" time="-1.737183195957E9">
    <skipped/>
  </testcase> <!-- @BeforeMethod crossBrowserSetUp -->
  <testcase classname="SelFrameworkDesign.Methods.BaseTest" name="@AfterMethod closeBrowser" time="-1.737183195979E9">
    <skipped/>
  </testcase> <!-- @AfterMethod closeBrowser -->
  <testcase classname="SelFrameworkDesign.Methods.BaseTest" name="@AfterMethod closeEntireBrowser" time="-1.73718319598E9">
    <skipped/>
  </testcase> <!-- @AfterMethod closeEntireBrowser -->
  <testcase classname="SelFrameworkDesign.Methods.BaseTest" name="@BeforeMethod WebDriverSetup" time="-1.73718319599E9">
    <skipped/>
  </testcase> <!-- @BeforeMethod WebDriverSetup -->
  <testcase classname="SelFrameworkDesign.Methods.BaseTest" name="@BeforeMethod crossBrowserSetUp" time="-1.737183195992E9">
    <skipped/>
  </testcase> <!-- @BeforeMethod crossBrowserSetUp -->
  <testcase classname="SelFrameworkDesign.Methods.BaseTest" name="@AfterMethod closeBrowser" time="-1.737183196002E9">
    <skipped/>
  </testcase> <!-- @AfterMethod closeBrowser -->
  <testcase classname="SelFrameworkDesign.Methods.BaseTest" name="@AfterMethod closeEntireBrowser" time="-1.737183196005E9">
    <skipped/>
  </testcase> <!-- @AfterMethod closeEntireBrowser -->
  <testcase classname="SelFrameworkDesign.Methods.BaseTest" name="@BeforeMethod WebDriverSetup" time="-1.737183196008E9">
    <skipped/>
  </testcase> <!-- @BeforeMethod WebDriverSetup -->
  <testcase classname="SelFrameworkDesign.Methods.BaseTest" name="@BeforeMethod crossBrowserSetUp" time="-1.73718319601E9">
    <skipped/>
  </testcase> <!-- @BeforeMethod crossBrowserSetUp -->
  <testcase classname="SelFrameworkDesign.Methods.BaseTest" name="@AfterMethod closeBrowser" time="-1.73718319602E9">
    <skipped/>
  </testcase> <!-- @AfterMethod closeBrowser -->
  <testcase classname="SelFrameworkDesign.Methods.BaseTest" name="@AfterMethod closeEntireBrowser" time="-1.737183196022E9">
    <skipped/>
  </testcase> <!-- @AfterMethod closeEntireBrowser -->
  <testcase classname="SelFrameworkDesign.Methods.BaseTest" name="@BeforeMethod WebDriverSetup" time="-1.737183196025E9">
    <skipped/>
  </testcase> <!-- @BeforeMethod WebDriverSetup -->
  <testcase classname="SelFrameworkDesign.Methods.BaseTest" name="@BeforeMethod crossBrowserSetUp" time="-1.737183196026E9">
    <skipped/>
  </testcase> <!-- @BeforeMethod crossBrowserSetUp -->
  <testcase classname="SelFrameworkDesign.Methods.BaseTest" name="@AfterMethod closeBrowser" time="-1.737183196041E9">
    <skipped/>
  </testcase> <!-- @AfterMethod closeBrowser -->
  <testcase classname="SelFrameworkDesign.Methods.BaseTest" name="@AfterMethod closeEntireBrowser" time="-1.737183196042E9">
    <skipped/>
  </testcase> <!-- @AfterMethod closeEntireBrowser -->
  <testcase classname="SelFrameworkDesign.Tests.createEmployeeDataProviderTest" name="createEmployee" time="0.0">
    <skipped/>
  </testcase> <!-- createEmployee -->
  <testcase classname="SelFrameworkDesign.Tests.CollapsePageTest" name="multipleCollapseTest" time="0.0">
    <skipped/>
  </testcase> <!-- multipleCollapseTest -->
  <testcase classname="SelFrameworkDesign.Tests.CollapsePageTest" name="singleCollapseTest" time="0.0">
    <skipped/>
  </testcase> <!-- singleCollapseTest -->
  <testcase classname="SelFrameworkDesign.Tests.createEmployeeDataProviderHashMapTest" name="createEmployee" time="0.0">
    <skipped/>
  </testcase> <!-- createEmployee -->
  <testcase classname="SelFrameworkDesign.Tests.createEmployeeDataProviderHashMapTest" name="createEmployee" time="0.0">
    <skipped/>
  </testcase> <!-- createEmployee -->
  <testcase classname="SelFrameworkDesign.Tests.MenuPageTest" name="SinleMenuTest" time="0.0">
    <skipped/>
  </testcase> <!-- SinleMenuTest -->
  <testcase classname="SelFrameworkDesign.Tests.MenuPageTest" name="subMenuTest" time="0.003">
    <skipped/>
  </testcase> <!-- subMenuTest -->
  <testcase classname="SelFrameworkDesign.Tests.loginPageT" name="loginTest" time="0.0">
    <skipped/>
  </testcase> <!-- loginTest -->
  <testcase classname="SelFrameworkDesign.Tests.popUpPageTest" name="AlertBoxTEst" time="0.0">
    <skipped/>
  </testcase> <!-- AlertBoxTEst -->
  <testcase classname="SelFrameworkDesign.Tests.popUpPageTest" name="ConfirmBoxTEst" time="0.0">
    <skipped/>
  </testcase> <!-- ConfirmBoxTEst -->
  <testcase classname="SelFrameworkDesign.Tests.popUpPageTest" name="InWindowPopupTest" time="0.0">
    <skipped/>
  </testcase> <!-- InWindowPopupTest -->
  <testcase classname="SelFrameworkDesign.Tests.popUpPageTest" name="PromptBoxTEst" time="0.0">
    <skipped/>
  </testcase> <!-- PromptBoxTEst -->
  <testcase classname="SelFrameworkDesign.Methods.BaseTest" name="@BeforeTest extenteReports" time="0.0">
    <ignored/>
  </testcase> <!-- @BeforeTest extenteReports -->
  <testcase classname="SelFrameworkDesign.Methods.BaseTest" name="@BeforeTest extenteReports" time="0.0">
    <ignored/>
  </testcase> <!-- @BeforeTest extenteReports -->
  <testcase classname="SelFrameworkDesign.Methods.BaseTest" name="@BeforeTest extenteReports" time="0.0">
    <ignored/>
  </testcase> <!-- @BeforeTest extenteReports -->
  <testcase classname="SelFrameworkDesign.Methods.BaseTest" name="@BeforeTest extenteReports" time="0.0">
    <ignored/>
  </testcase> <!-- @BeforeTest extenteReports -->
  <testcase classname="SelFrameworkDesign.Methods.BaseTest" name="@BeforeTest extenteReports" time="0.0">
    <ignored/>
  </testcase> <!-- @BeforeTest extenteReports -->
</testsuite> <!-- Test -->
